c:\users\invaderrr\documents\repos\sokoban-game\sokoban-cpp\sokoban\debug\sokoban.pch
c:\users\invaderrr\documents\repos\sokoban-game\sokoban-cpp\sokoban\debug\vc142.pdb
c:\users\invaderrr\documents\repos\sokoban-game\sokoban-cpp\sokoban\debug\pch.obj
c:\users\invaderrr\documents\repos\sokoban-game\sokoban-cpp\sokoban\debug\sokoban.obj
c:\users\invaderrr\documents\repos\sokoban-game\sokoban-cpp\sokoban\debug\managedobject.obj
c:\users\invaderrr\documents\repos\sokoban-game\sokoban-cpp\sokoban\debug\assemblyinfo.obj
c:\users\invaderrr\documents\repos\sokoban-game\sokoban-cpp\sokoban\debug\.netframework,version=v4.7.2.assemblyattributes.obj
c:\users\invaderrr\documents\repos\sokoban-game\sokoban-cpp\sokoban\debug\.netframework,version=v4.7.2.assemblyattributes.asm
c:\users\invaderrr\documents\repos\sokoban-game\debug\sokoban.dll
c:\users\invaderrr\documents\repos\sokoban-game\debug\sokoban.pdb
c:\users\invaderrr\documents\repos\sokoban-game\sokoban-cpp\sokoban\debug\app.res
c:\users\invaderrr\documents\repos\sokoban-game\sokoban-cpp\sokoban\debug\sokoban.tlog\cl.command.1.tlog
c:\users\invaderrr\documents\repos\sokoban-game\sokoban-cpp\sokoban\debug\sokoban.tlog\cl.read.1.tlog
c:\users\invaderrr\documents\repos\sokoban-game\sokoban-cpp\sokoban\debug\sokoban.tlog\cl.write.1.tlog
c:\users\invaderrr\documents\repos\sokoban-game\sokoban-cpp\sokoban\debug\sokoban.tlog\link.command.1.tlog
c:\users\invaderrr\documents\repos\sokoban-game\sokoban-cpp\sokoban\debug\sokoban.tlog\link.read.1.tlog
c:\users\invaderrr\documents\repos\sokoban-game\sokoban-cpp\sokoban\debug\sokoban.tlog\link.write.1.tlog
c:\users\invaderrr\documents\repos\sokoban-game\sokoban-cpp\sokoban\debug\sokoban.tlog\metagen.read.1.tlog
c:\users\invaderrr\documents\repos\sokoban-game\sokoban-cpp\sokoban\debug\sokoban.tlog\metagen.write.1.tlog
c:\users\invaderrr\documents\repos\sokoban-game\sokoban-cpp\sokoban\debug\sokoban.tlog\rc.command.1.tlog
c:\users\invaderrr\documents\repos\sokoban-game\sokoban-cpp\sokoban\debug\sokoban.tlog\rc.read.1.tlog
c:\users\invaderrr\documents\repos\sokoban-game\sokoban-cpp\sokoban\debug\sokoban.tlog\rc.write.1.tlog
