d:\educationprojects\7-autumn 98\sokobangame\sokoban-game\sokoban-cpp\sokoban\x64\release\sokoban.pch
d:\educationprojects\7-autumn 98\sokobangame\sokoban-game\sokoban-cpp\sokoban\x64\release\vc142.pdb
d:\educationprojects\7-autumn 98\sokobangame\sokoban-game\sokoban-cpp\sokoban\x64\release\pch.obj
d:\educationprojects\7-autumn 98\sokobangame\sokoban-game\sokoban-cpp\sokoban\x64\release\sokoban.obj
d:\educationprojects\7-autumn 98\sokobangame\sokoban-game\sokoban-cpp\sokoban\x64\release\managedobject.obj
d:\educationprojects\7-autumn 98\sokobangame\sokoban-game\sokoban-cpp\sokoban\x64\release\assemblyinfo.obj
d:\educationprojects\7-autumn 98\sokobangame\sokoban-game\sokoban-cpp\sokoban\x64\release\.netframework,version=v4.7.2.assemblyattributes.obj
d:\educationprojects\7-autumn 98\sokobangame\sokoban-game\sokoban-cpp\sokoban\x64\release\.netframework,version=v4.7.2.assemblyattributes.asm
d:\educationprojects\7-autumn 98\sokobangame\sokoban-game\x64\release\sokoban.dll
d:\educationprojects\7-autumn 98\sokobangame\sokoban-game\x64\release\sokoban.pdb
d:\educationprojects\7-autumn 98\sokobangame\sokoban-game\sokoban-cpp\sokoban\x64\release\app.res
d:\educationprojects\7-autumn 98\sokobangame\sokoban-game\sokoban-cpp\sokoban\x64\release\sokoban.vcxprojassemblyreference.cache
d:\educationprojects\7-autumn 98\sokobangame\sokoban-game\sokoban-cpp\sokoban\x64\release\sokoban.tlog\cl.command.1.tlog
d:\educationprojects\7-autumn 98\sokobangame\sokoban-game\sokoban-cpp\sokoban\x64\release\sokoban.tlog\cl.read.1.tlog
d:\educationprojects\7-autumn 98\sokobangame\sokoban-game\sokoban-cpp\sokoban\x64\release\sokoban.tlog\cl.write.1.tlog
d:\educationprojects\7-autumn 98\sokobangame\sokoban-game\sokoban-cpp\sokoban\x64\release\sokoban.tlog\link.command.1.tlog
d:\educationprojects\7-autumn 98\sokobangame\sokoban-game\sokoban-cpp\sokoban\x64\release\sokoban.tlog\link.read.1.tlog
d:\educationprojects\7-autumn 98\sokobangame\sokoban-game\sokoban-cpp\sokoban\x64\release\sokoban.tlog\link.write.1.tlog
d:\educationprojects\7-autumn 98\sokobangame\sokoban-game\sokoban-cpp\sokoban\x64\release\sokoban.tlog\metagen.read.1.tlog
d:\educationprojects\7-autumn 98\sokobangame\sokoban-game\sokoban-cpp\sokoban\x64\release\sokoban.tlog\metagen.write.1.tlog
d:\educationprojects\7-autumn 98\sokobangame\sokoban-game\sokoban-cpp\sokoban\x64\release\sokoban.tlog\rc.command.1.tlog
d:\educationprojects\7-autumn 98\sokobangame\sokoban-game\sokoban-cpp\sokoban\x64\release\sokoban.tlog\rc.read.1.tlog
d:\educationprojects\7-autumn 98\sokobangame\sokoban-game\sokoban-cpp\sokoban\x64\release\sokoban.tlog\rc.write.1.tlog
